<?xml version="1.0" encoding="UTF-8"?>
<testsuites name="Regression Test" time="335.717" tests="6" failures="0" errors="0">
   <testsuite name="Regression Test" tests="6" failures="0" errors="0" time="335.717" skipped="0" timestamp="2022-08-13 14:22:13" hostname="anisa - LAPTOP-CE24MLU3" id="Test Suites/facebook.com/Regression Test">
      <properties>
[...]
</properties>
      <testcase name="Test Cases/facebook.com/Login_Valid" time="62.716" classname="Test Cases/facebook.com/Login_Valid" status="PASSED">
         <system-out><![CDATA[2022-08-13 14:22:15 - [TEST_CASE][PASSED] - Test Cases/facebook.com/Login_Valid: Test Cases/facebook.com/Login_Valid

2022-08-13 14:22:17 - [TEST_STEP][PASSED] - openBrowser(""): Browser is opened with url: ''

2022-08-13 14:22:18 - [MESSAGE][INFO] - Starting 'Edge Chromium' driver

2022-08-13 14:22:21 - [MESSAGE][INFO] - Action delay is set to 0 milliseconds

2022-08-13 14:22:26 - [MESSAGE][PASSED] - Browser is opened with url: ''

2022-08-13 14:22:26 - [TEST_STEP][PASSED] - navigateToUrl("https://www.facebook.com/"): Navigate to 'https://www.facebook.com/' successfully

2022-08-13 14:22:29 - [MESSAGE][PASSED] - Navigate to 'https://www.facebook.com/' successfully

2022-08-13 14:22:29 - [TEST_STEP][PASSED] - maximizeWindow(): Current window maximized

2022-08-13 14:22:29 - [MESSAGE][PASSED] - Current window maximized

2022-08-13 14:22:29 - [TEST_STEP][PASSED] - setText(findTestObject("Object Repository/facebook.com/Page_Facebook - Masuk atau Daftar/input_email atau nomor handphone"), "anizazelkia@yahoo.com"): Text 'anizazelkia@yahoo.com' is set on object 'Object Repository/facebook.com/Page_Facebook - Masuk atau Daftar/input_email atau nomor handphone'

2022-08-13 14:22:31 - [MESSAGE][PASSED] - Text 'anizazelkia@yahoo.com' is set on object 'Object Repository/facebook.com/Page_Facebook - Masuk atau Daftar/input_email atau nomor handphone'

2022-08-13 14:22:31 - [TEST_STEP][PASSED] - setEncryptedText(findTestObject("Object Repository/facebook.com/Page_Facebook - Masuk atau Daftar/input_password"), "Rs2yd0LSc9E9gDDstWYpOg=="): Text ****** has been set on object 'Object Repository/facebook.com/Page_Facebook - Masuk atau Daftar/input_password'

2022-08-13 14:22:32 - [MESSAGE][PASSED] - Text ****** has been set on object 'Object Repository/facebook.com/Page_Facebook - Masuk atau Daftar/input_password'

2022-08-13 14:22:32 - [TEST_STEP][PASSED] - click(findTestObject("Object Repository/facebook.com/Page_Facebook - Masuk atau Daftar/button_Masuk")): Object: 'Object Repository/facebook.com/Page_Facebook - Masuk atau Daftar/button_Masuk' is clicked on

2022-08-13 14:23:04 - [MESSAGE][INFO] - Unable to find the element located by 'By.xpath: //button[@id='u_0_5_+C']'. Please recheck the objects properties to make sure the desired element is located. 

2022-08-13 14:23:04 - [MESSAGE][WARNING] - [SELF-HEALING] Failed to find element with id 'Object Repository/facebook.com/Page_Facebook - Masuk atau Daftar/button_Masuk'. Try using Self-healing.

2022-08-13 14:23:05 - [MESSAGE][INFO] - Unable to find the element located by 'By.xpath: (.//*[normalize-space(text()) and normalize-space(.)='Facebook membantu Anda terhubung dan berbagi dengan orang-orang dalam kehidupan Anda.'])[1]/following::button[1]'. Please recheck the objects properties to make sure the desired element is located. 

2022-08-13 14:23:05 - [MESSAGE][WARNING] - [SELF-HEALING] The current locator of test object 'Object Repository/facebook.com/Page_Facebook - Masuk atau Daftar/button_Masuk' was broken. Propose an alternative one: '//button'.

2022-08-13 14:23:06 - [MESSAGE][PASSED] - Object: 'Object Repository/facebook.com/Page_Facebook - Masuk atau Daftar/button_Masuk' is clicked on

2022-08-13 14:23:06 - [TEST_STEP][PASSED] - takeScreenshot(): Taking screenshot successfully

2022-08-13 14:23:17 - [MESSAGE][PASSED] - Taking screenshot successfully
[[ATTACHMENT|C:\\Users\\anisa\\git\\Facebook-Login-Test\\Reports\\20220813_142205\\facebook.com\\Regression Test\\20220813_142205\\1660375397177.png]]]]></system-out>
         <system-err><![CDATA[]]></system-err>
      </testcase>
      <testcase name="Test Cases/facebook.com/Login_Email_Invalid" time="62.738" classname="Test Cases/facebook.com/Login_Email_Invalid" status="PASSED">
         <system-out><![CDATA[2022-08-13 14:23:18 - [TEST_CASE][PASSED] - Test Cases/facebook.com/Login_Email_Invalid: Test Cases/facebook.com/Login_Email_Invalid

2022-08-13 14:23:19 - [TEST_STEP][PASSED] - openBrowser(""): Browser is opened with url: ''

2022-08-13 14:23:19 - [MESSAGE][WARNING] - A browser is already opened. Closing browser and opening a new one

2022-08-13 14:23:21 - [MESSAGE][INFO] - Starting 'Edge Chromium' driver

2022-08-13 14:23:24 - [MESSAGE][INFO] - Action delay is set to 0 milliseconds

2022-08-13 14:23:26 - [MESSAGE][PASSED] - Browser is opened with url: ''

2022-08-13 14:23:26 - [TEST_STEP][PASSED] - navigateToUrl("facebook.com"): Navigate to 'http://facebook.com' successfully

2022-08-13 14:23:29 - [MESSAGE][PASSED] - Navigate to 'http://facebook.com' successfully

2022-08-13 14:23:29 - [TEST_STEP][PASSED] - maximizeWindow(): Current window maximized

2022-08-13 14:23:29 - [MESSAGE][PASSED] - Current window maximized

2022-08-13 14:23:29 - [TEST_STEP][PASSED] - setText(findTestObject("facebook.com/Page_Facebook - Masuk atau Daftar/input_email atau nomor handphone"), "@gmail.com"): Text '@gmail.com' is set on object 'Object Repository/facebook.com/Page_Facebook - Masuk atau Daftar/input_email atau nomor handphone'

2022-08-13 14:23:31 - [MESSAGE][PASSED] - Text '@gmail.com' is set on object 'Object Repository/facebook.com/Page_Facebook - Masuk atau Daftar/input_email atau nomor handphone'

2022-08-13 14:23:31 - [TEST_STEP][PASSED] - setEncryptedText(findTestObject("facebook.com/Page_Facebook - Masuk atau Daftar/input_password"), "Rs2yd0LSc9E9gDDstWYpOg=="): Text ****** has been set on object 'Object Repository/facebook.com/Page_Facebook - Masuk atau Daftar/input_password'

2022-08-13 14:23:32 - [MESSAGE][PASSED] - Text ****** has been set on object 'Object Repository/facebook.com/Page_Facebook - Masuk atau Daftar/input_password'

2022-08-13 14:23:32 - [TEST_STEP][PASSED] - click(findTestObject("facebook.com/Page_Facebook - Masuk atau Daftar/button_Masuk")): Object: 'Object Repository/facebook.com/Page_Facebook - Masuk atau Daftar/button_Masuk' is clicked on

2022-08-13 14:24:04 - [MESSAGE][INFO] - Unable to find the element located by 'By.xpath: //button[@id='u_0_5_+C']'. Please recheck the objects properties to make sure the desired element is located. 

2022-08-13 14:24:04 - [MESSAGE][WARNING] - [SELF-HEALING] Failed to find element with id 'Object Repository/facebook.com/Page_Facebook - Masuk atau Daftar/button_Masuk'. Try using Self-healing.

2022-08-13 14:24:05 - [MESSAGE][INFO] - Unable to find the element located by 'By.xpath: (.//*[normalize-space(text()) and normalize-space(.)='Facebook membantu Anda terhubung dan berbagi dengan orang-orang dalam kehidupan Anda.'])[1]/following::button[1]'. Please recheck the objects properties to make sure the desired element is located. 

2022-08-13 14:24:05 - [MESSAGE][WARNING] - [SELF-HEALING] The current locator of test object 'Object Repository/facebook.com/Page_Facebook - Masuk atau Daftar/button_Masuk' was broken. Propose an alternative one: '//button'.

2022-08-13 14:24:05 - [MESSAGE][PASSED] - Object: 'Object Repository/facebook.com/Page_Facebook - Masuk atau Daftar/button_Masuk' is clicked on

2022-08-13 14:24:05 - [TEST_STEP][PASSED] - verifyElementText(findTestObject("facebook.com/Notifikasi_Login/div_The email address or mobile number you entered isnt connected to an account. Find your account and log in"), "The email address or mobile number you entered isn't connected to an account. Find your account and log in."): Actual text and expected text of test object 'Object Repository/facebook.com/Notifikasi_Login/div_The email address or mobile number you entered isnt connected to an account. Find your account and log in' are matched.

2022-08-13 14:24:20 - [MESSAGE][PASSED] - Actual text and expected text of test object 'Object Repository/facebook.com/Notifikasi_Login/div_The email address or mobile number you entered isnt connected to an account. Find your account and log in' are matched.

2022-08-13 14:24:20 - [TEST_STEP][PASSED] - takeScreenshot(): Taking screenshot successfully

2022-08-13 14:24:20 - [MESSAGE][PASSED] - Taking screenshot successfully
[[ATTACHMENT|C:\\Users\\anisa\\git\\Facebook-Login-Test\\Reports\\20220813_142205\\facebook.com\\Regression Test\\20220813_142205\\1660375460409.png]]]]></system-out>
         <system-err><![CDATA[]]></system-err>
      </testcase>
      <testcase name="Test Cases/facebook.com/Login_Password_Invalid" time="52.362" classname="Test Cases/facebook.com/Login_Password_Invalid" status="PASSED">
         <system-out><![CDATA[2022-08-13 14:24:20 - [TEST_CASE][PASSED] - Test Cases/facebook.com/Login_Password_Invalid: Test Cases/facebook.com/Login_Password_Invalid

2022-08-13 14:24:22 - [TEST_STEP][PASSED] - openBrowser(""): Browser is opened with url: ''

2022-08-13 14:24:22 - [MESSAGE][WARNING] - A browser is already opened. Closing browser and opening a new one

2022-08-13 14:24:23 - [MESSAGE][INFO] - Starting 'Edge Chromium' driver

2022-08-13 14:24:25 - [MESSAGE][INFO] - Action delay is set to 0 milliseconds

2022-08-13 14:24:28 - [MESSAGE][PASSED] - Browser is opened with url: ''

2022-08-13 14:24:28 - [TEST_STEP][PASSED] - navigateToUrl("https://www.facebook.com/"): Navigate to 'https://www.facebook.com/' successfully

2022-08-13 14:24:31 - [MESSAGE][PASSED] - Navigate to 'https://www.facebook.com/' successfully

2022-08-13 14:24:31 - [TEST_STEP][PASSED] - maximizeWindow(): Current window maximized

2022-08-13 14:24:31 - [MESSAGE][PASSED] - Current window maximized

2022-08-13 14:24:31 - [TEST_STEP][PASSED] - setText(findTestObject("Object Repository/facebook.com/Page_Facebook - Masuk atau Daftar/input_email atau nomor handphone"), "anizazelkia@yahoo.com"): Text 'anizazelkia@yahoo.com' is set on object 'Object Repository/facebook.com/Page_Facebook - Masuk atau Daftar/input_email atau nomor handphone'

2022-08-13 14:24:32 - [MESSAGE][PASSED] - Text 'anizazelkia@yahoo.com' is set on object 'Object Repository/facebook.com/Page_Facebook - Masuk atau Daftar/input_email atau nomor handphone'

2022-08-13 14:24:32 - [TEST_STEP][PASSED] - setEncryptedText(findTestObject("Object Repository/facebook.com/Page_Facebook - Masuk atau Daftar/input_password"), "vOA0cDqQbrFcFaFUEJlNrQ=="): Text ****** has been set on object 'Object Repository/facebook.com/Page_Facebook - Masuk atau Daftar/input_password'

2022-08-13 14:24:34 - [MESSAGE][PASSED] - Text ****** has been set on object 'Object Repository/facebook.com/Page_Facebook - Masuk atau Daftar/input_password'

2022-08-13 14:24:34 - [TEST_STEP][PASSED] - click(findTestObject("Object Repository/facebook.com/Page_Facebook - Masuk atau Daftar/button_Masuk")): Object: 'Object Repository/facebook.com/Page_Facebook - Masuk atau Daftar/button_Masuk' is clicked on

2022-08-13 14:25:05 - [MESSAGE][INFO] - Unable to find the element located by 'By.xpath: //button[@id='u_0_5_+C']'. Please recheck the objects properties to make sure the desired element is located. 

2022-08-13 14:25:05 - [MESSAGE][WARNING] - [SELF-HEALING] Failed to find element with id 'Object Repository/facebook.com/Page_Facebook - Masuk atau Daftar/button_Masuk'. Try using Self-healing.

2022-08-13 14:25:06 - [MESSAGE][INFO] - Unable to find the element located by 'By.xpath: (.//*[normalize-space(text()) and normalize-space(.)='Facebook membantu Anda terhubung dan berbagi dengan orang-orang dalam kehidupan Anda.'])[1]/following::button[1]'. Please recheck the objects properties to make sure the desired element is located. 

2022-08-13 14:25:06 - [MESSAGE][WARNING] - [SELF-HEALING] The current locator of test object 'Object Repository/facebook.com/Page_Facebook - Masuk atau Daftar/button_Masuk' was broken. Propose an alternative one: '//button'.

2022-08-13 14:25:06 - [MESSAGE][PASSED] - Object: 'Object Repository/facebook.com/Page_Facebook - Masuk atau Daftar/button_Masuk' is clicked on

2022-08-13 14:25:06 - [TEST_STEP][PASSED] - verifyElementText(findTestObject("facebook.com/Notifikasi_Login/div_The password that youve entered is incorrect. Forgotten password"), "The password that you've entered is incorrect. Forgotten password?"): Actual text and expected text of test object 'Object Repository/facebook.com/Notifikasi_Login/div_The password that youve entered is incorrect. Forgotten password' are matched.

2022-08-13 14:25:12 - [MESSAGE][PASSED] - Actual text and expected text of test object 'Object Repository/facebook.com/Notifikasi_Login/div_The password that youve entered is incorrect. Forgotten password' are matched.

2022-08-13 14:25:12 - [TEST_STEP][PASSED] - takeScreenshot(): Taking screenshot successfully

2022-08-13 14:25:13 - [MESSAGE][PASSED] - Taking screenshot successfully
[[ATTACHMENT|C:\\Users\\anisa\\git\\Facebook-Login-Test\\Reports\\20220813_142205\\facebook.com\\Regression Test\\20220813_142205\\1660375512779.png]]]]></system-out>
         <system-err><![CDATA[]]></system-err>
      </testcase>
      <testcase name="Test Cases/facebook.com/Login_Email_And_Password_NULL" time="51.586" classname="Test Cases/facebook.com/Login_Email_And_Password_NULL" status="PASSED">
         <system-out><![CDATA[2022-08-13 14:25:13 - [TEST_CASE][PASSED] - Test Cases/facebook.com/Login_Email_And_Password_NULL: Test Cases/facebook.com/Login_Email_And_Password_NULL

2022-08-13 14:25:14 - [TEST_STEP][PASSED] - openBrowser(""): Browser is opened with url: ''

2022-08-13 14:25:14 - [MESSAGE][WARNING] - A browser is already opened. Closing browser and opening a new one

2022-08-13 14:25:16 - [MESSAGE][INFO] - Starting 'Edge Chromium' driver

2022-08-13 14:25:18 - [MESSAGE][INFO] - Action delay is set to 0 milliseconds

2022-08-13 14:25:20 - [MESSAGE][PASSED] - Browser is opened with url: ''

2022-08-13 14:25:20 - [TEST_STEP][PASSED] - navigateToUrl("facebook.com"): Navigate to 'http://facebook.com' successfully

2022-08-13 14:25:24 - [MESSAGE][PASSED] - Navigate to 'http://facebook.com' successfully

2022-08-13 14:25:24 - [TEST_STEP][PASSED] - maximizeWindow(): Current window maximized

2022-08-13 14:25:24 - [MESSAGE][PASSED] - Current window maximized

2022-08-13 14:25:24 - [TEST_STEP][PASSED] - setText(findTestObject("facebook.com/Page_Facebook - Masuk atau Daftar/input_email atau nomor handphone"), ""): Text '' is set on object 'Object Repository/facebook.com/Page_Facebook - Masuk atau Daftar/input_email atau nomor handphone'

2022-08-13 14:25:26 - [MESSAGE][PASSED] - Text '' is set on object 'Object Repository/facebook.com/Page_Facebook - Masuk atau Daftar/input_email atau nomor handphone'

2022-08-13 14:25:26 - [TEST_STEP][PASSED] - setEncryptedText(findTestObject("facebook.com/Page_Facebook - Masuk atau Daftar/input_password"), ""): Text ****** has been set on object 'Object Repository/facebook.com/Page_Facebook - Masuk atau Daftar/input_password'

2022-08-13 14:25:27 - [MESSAGE][PASSED] - Text ****** has been set on object 'Object Repository/facebook.com/Page_Facebook - Masuk atau Daftar/input_password'

2022-08-13 14:25:27 - [TEST_STEP][PASSED] - click(findTestObject("facebook.com/Page_Facebook - Masuk atau Daftar/button_Masuk")): Object: 'Object Repository/facebook.com/Page_Facebook - Masuk atau Daftar/button_Masuk' is clicked on

2022-08-13 14:25:58 - [MESSAGE][INFO] - Unable to find the element located by 'By.xpath: //button[@id='u_0_5_+C']'. Please recheck the objects properties to make sure the desired element is located. 

2022-08-13 14:25:58 - [MESSAGE][WARNING] - [SELF-HEALING] Failed to find element with id 'Object Repository/facebook.com/Page_Facebook - Masuk atau Daftar/button_Masuk'. Try using Self-healing.

2022-08-13 14:26:00 - [MESSAGE][INFO] - Unable to find the element located by 'By.xpath: (.//*[normalize-space(text()) and normalize-space(.)='Facebook membantu Anda terhubung dan berbagi dengan orang-orang dalam kehidupan Anda.'])[1]/following::button[1]'. Please recheck the objects properties to make sure the desired element is located. 

2022-08-13 14:26:00 - [MESSAGE][WARNING] - [SELF-HEALING] The current locator of test object 'Object Repository/facebook.com/Page_Facebook - Masuk atau Daftar/button_Masuk' was broken. Propose an alternative one: '//button'.

2022-08-13 14:26:00 - [MESSAGE][PASSED] - Object: 'Object Repository/facebook.com/Page_Facebook - Masuk atau Daftar/button_Masuk' is clicked on

2022-08-13 14:26:00 - [TEST_STEP][PASSED] - verifyElementText(findTestObject("facebook.com/Notifikasi_Login/div_The email address or mobile number you entered isnt connected to an account. Find your account and log in"), "The email address or mobile number you entered isn't connected to an account. Find your account and log in."): Actual text and expected text of test object 'Object Repository/facebook.com/Notifikasi_Login/div_The email address or mobile number you entered isnt connected to an account. Find your account and log in' are matched.

2022-08-13 14:26:04 - [MESSAGE][PASSED] - Actual text and expected text of test object 'Object Repository/facebook.com/Notifikasi_Login/div_The email address or mobile number you entered isnt connected to an account. Find your account and log in' are matched.

2022-08-13 14:26:04 - [TEST_STEP][PASSED] - takeScreenshot(): Taking screenshot successfully

2022-08-13 14:26:04 - [MESSAGE][PASSED] - Taking screenshot successfully
[[ATTACHMENT|C:\\Users\\anisa\\git\\Facebook-Login-Test\\Reports\\20220813_142205\\facebook.com\\Regression Test\\20220813_142205\\1660375564400.png]]]]></system-out>
         <system-err><![CDATA[]]></system-err>
      </testcase>
      <testcase name="Test Cases/facebook.com/Login_Email_NULL" time="51.046" classname="Test Cases/facebook.com/Login_Email_NULL" status="PASSED">
         <system-out><![CDATA[2022-08-13 14:26:04 - [TEST_CASE][PASSED] - Test Cases/facebook.com/Login_Email_NULL: Test Cases/facebook.com/Login_Email_NULL

2022-08-13 14:26:06 - [TEST_STEP][PASSED] - openBrowser(""): Browser is opened with url: ''

2022-08-13 14:26:06 - [MESSAGE][WARNING] - A browser is already opened. Closing browser and opening a new one

2022-08-13 14:26:07 - [MESSAGE][INFO] - Starting 'Edge Chromium' driver

2022-08-13 14:26:09 - [MESSAGE][INFO] - Action delay is set to 0 milliseconds

2022-08-13 14:26:12 - [MESSAGE][PASSED] - Browser is opened with url: ''

2022-08-13 14:26:12 - [TEST_STEP][PASSED] - navigateToUrl("facebook.com"): Navigate to 'http://facebook.com' successfully

2022-08-13 14:26:16 - [MESSAGE][PASSED] - Navigate to 'http://facebook.com' successfully

2022-08-13 14:26:16 - [TEST_STEP][PASSED] - maximizeWindow(): Current window maximized

2022-08-13 14:26:16 - [MESSAGE][PASSED] - Current window maximized

2022-08-13 14:26:16 - [TEST_STEP][PASSED] - setText(findTestObject("facebook.com/Page_Facebook - Masuk atau Daftar/input_email atau nomor handphone"), ""): Text '' is set on object 'Object Repository/facebook.com/Page_Facebook - Masuk atau Daftar/input_email atau nomor handphone'

2022-08-13 14:26:18 - [MESSAGE][PASSED] - Text '' is set on object 'Object Repository/facebook.com/Page_Facebook - Masuk atau Daftar/input_email atau nomor handphone'

2022-08-13 14:26:18 - [TEST_STEP][PASSED] - setEncryptedText(findTestObject("facebook.com/Page_Facebook - Masuk atau Daftar/input_password"), "Rs2yd0LSc9E9gDDstWYpOg=="): Text ****** has been set on object 'Object Repository/facebook.com/Page_Facebook - Masuk atau Daftar/input_password'

2022-08-13 14:26:18 - [MESSAGE][PASSED] - Text ****** has been set on object 'Object Repository/facebook.com/Page_Facebook - Masuk atau Daftar/input_password'

2022-08-13 14:26:18 - [TEST_STEP][PASSED] - click(findTestObject("facebook.com/Page_Facebook - Masuk atau Daftar/button_Masuk")): Object: 'Object Repository/facebook.com/Page_Facebook - Masuk atau Daftar/button_Masuk' is clicked on

2022-08-13 14:26:50 - [MESSAGE][INFO] - Unable to find the element located by 'By.xpath: //button[@id='u_0_5_+C']'. Please recheck the objects properties to make sure the desired element is located. 

2022-08-13 14:26:50 - [MESSAGE][WARNING] - [SELF-HEALING] Failed to find element with id 'Object Repository/facebook.com/Page_Facebook - Masuk atau Daftar/button_Masuk'. Try using Self-healing.

2022-08-13 14:26:51 - [MESSAGE][INFO] - Unable to find the element located by 'By.xpath: (.//*[normalize-space(text()) and normalize-space(.)='Facebook membantu Anda terhubung dan berbagi dengan orang-orang dalam kehidupan Anda.'])[1]/following::button[1]'. Please recheck the objects properties to make sure the desired element is located. 

2022-08-13 14:26:51 - [MESSAGE][WARNING] - [SELF-HEALING] The current locator of test object 'Object Repository/facebook.com/Page_Facebook - Masuk atau Daftar/button_Masuk' was broken. Propose an alternative one: '//button'.

2022-08-13 14:26:52 - [MESSAGE][PASSED] - Object: 'Object Repository/facebook.com/Page_Facebook - Masuk atau Daftar/button_Masuk' is clicked on

2022-08-13 14:26:52 - [TEST_STEP][PASSED] - verifyElementText(findTestObject("facebook.com/Notifikasi_Login/div_The email address or mobile number you entered isnt connected to an account. Find your account and log in"), "The email address or mobile number you entered isn't connected to an account. Find your account and log in."): Actual text and expected text of test object 'Object Repository/facebook.com/Notifikasi_Login/div_The email address or mobile number you entered isnt connected to an account. Find your account and log in' are matched.

2022-08-13 14:26:54 - [MESSAGE][PASSED] - Actual text and expected text of test object 'Object Repository/facebook.com/Notifikasi_Login/div_The email address or mobile number you entered isnt connected to an account. Find your account and log in' are matched.

2022-08-13 14:26:54 - [TEST_STEP][PASSED] - takeScreenshot(): Taking screenshot successfully

2022-08-13 14:26:55 - [MESSAGE][PASSED] - Taking screenshot successfully
[[ATTACHMENT|C:\\Users\\anisa\\git\\Facebook-Login-Test\\Reports\\20220813_142205\\facebook.com\\Regression Test\\20220813_142205\\1660375615398.png]]]]></system-out>
         <system-err><![CDATA[]]></system-err>
      </testcase>
      <testcase name="Test Cases/facebook.com/Login_Password_NULL" time="53.772" classname="Test Cases/facebook.com/Login_Password_NULL" status="PASSED">
         <system-out><![CDATA[2022-08-13 14:26:55 - [TEST_CASE][PASSED] - Test Cases/facebook.com/Login_Password_NULL: Test Cases/facebook.com/Login_Password_NULL

2022-08-13 14:26:56 - [TEST_STEP][PASSED] - openBrowser(""): Browser is opened with url: ''

2022-08-13 14:26:57 - [MESSAGE][WARNING] - A browser is already opened. Closing browser and opening a new one

2022-08-13 14:26:58 - [MESSAGE][INFO] - Starting 'Edge Chromium' driver

2022-08-13 14:27:01 - [MESSAGE][INFO] - Action delay is set to 0 milliseconds

2022-08-13 14:27:03 - [MESSAGE][PASSED] - Browser is opened with url: ''

2022-08-13 14:27:03 - [TEST_STEP][PASSED] - navigateToUrl("facebook.com"): Navigate to 'http://facebook.com' successfully

2022-08-13 14:27:07 - [MESSAGE][PASSED] - Navigate to 'http://facebook.com' successfully

2022-08-13 14:27:07 - [TEST_STEP][PASSED] - maximizeWindow(): Current window maximized

2022-08-13 14:27:07 - [MESSAGE][PASSED] - Current window maximized

2022-08-13 14:27:07 - [TEST_STEP][PASSED] - setText(findTestObject("facebook.com/Page_Facebook - Masuk atau Daftar/input_email atau nomor handphone"), "anizazelkia@yahoo.com"): Text 'anizazelkia@yahoo.com' is set on object 'Object Repository/facebook.com/Page_Facebook - Masuk atau Daftar/input_email atau nomor handphone'

2022-08-13 14:27:08 - [MESSAGE][PASSED] - Text 'anizazelkia@yahoo.com' is set on object 'Object Repository/facebook.com/Page_Facebook - Masuk atau Daftar/input_email atau nomor handphone'

2022-08-13 14:27:08 - [TEST_STEP][PASSED] - setEncryptedText(findTestObject("facebook.com/Page_Facebook - Masuk atau Daftar/input_password"), ""): Text ****** has been set on object 'Object Repository/facebook.com/Page_Facebook - Masuk atau Daftar/input_password'

2022-08-13 14:27:09 - [MESSAGE][PASSED] - Text ****** has been set on object 'Object Repository/facebook.com/Page_Facebook - Masuk atau Daftar/input_password'

2022-08-13 14:27:09 - [TEST_STEP][PASSED] - click(findTestObject("facebook.com/Page_Facebook - Masuk atau Daftar/button_Masuk")): Object: 'Object Repository/facebook.com/Page_Facebook - Masuk atau Daftar/button_Masuk' is clicked on

2022-08-13 14:27:41 - [MESSAGE][INFO] - Unable to find the element located by 'By.xpath: //button[@id='u_0_5_+C']'. Please recheck the objects properties to make sure the desired element is located. 

2022-08-13 14:27:41 - [MESSAGE][WARNING] - [SELF-HEALING] Failed to find element with id 'Object Repository/facebook.com/Page_Facebook - Masuk atau Daftar/button_Masuk'. Try using Self-healing.

2022-08-13 14:27:42 - [MESSAGE][INFO] - Unable to find the element located by 'By.xpath: (.//*[normalize-space(text()) and normalize-space(.)='Facebook membantu Anda terhubung dan berbagi dengan orang-orang dalam kehidupan Anda.'])[1]/following::button[1]'. Please recheck the objects properties to make sure the desired element is located. 

2022-08-13 14:27:42 - [MESSAGE][WARNING] - [SELF-HEALING] The current locator of test object 'Object Repository/facebook.com/Page_Facebook - Masuk atau Daftar/button_Masuk' was broken. Propose an alternative one: '//button'.

2022-08-13 14:27:43 - [MESSAGE][PASSED] - Object: 'Object Repository/facebook.com/Page_Facebook - Masuk atau Daftar/button_Masuk' is clicked on

2022-08-13 14:27:43 - [TEST_STEP][PASSED] - verifyElementText(findTestObject("facebook.com/Notifikasi_Login/div_The password that youve entered is incorrect. Forgotten password"), "The password that you've entered is incorrect. Forgotten password?"): Actual text and expected text of test object 'Object Repository/facebook.com/Notifikasi_Login/div_The password that youve entered is incorrect. Forgotten password' are matched.

2022-08-13 14:27:48 - [MESSAGE][PASSED] - Actual text and expected text of test object 'Object Repository/facebook.com/Notifikasi_Login/div_The password that youve entered is incorrect. Forgotten password' are matched.

2022-08-13 14:27:48 - [TEST_STEP][PASSED] - takeScreenshot(): Taking screenshot successfully

2022-08-13 14:27:49 - [MESSAGE][PASSED] - Taking screenshot successfully
[[ATTACHMENT|C:\\Users\\anisa\\git\\Facebook-Login-Test\\Reports\\20220813_142205\\facebook.com\\Regression Test\\20220813_142205\\1660375669258.png]]]]></system-out>
         <system-err><![CDATA[]]></system-err>
      </testcase>
      <system-out><![CDATA[2022-08-13 14:22:13 - [TEST_SUITE][PASSED] - Regression Test: Test Cases/facebook.com/Login_Password_NULL]]></system-out>
      <system-err><![CDATA[]]></system-err>
   </testsuite>
</testsuites>
